============================= test session starts =============================
platform win32 -- Python 3.13.9, pytest-9.0.0, pluggy-1.6.0 -- C:\Users\joshu\Desktop\TEMP COLLIINS\D.O.C\ai-services\venv\Scripts\python.exe
cachedir: .pytest_cache
rootdir: C:\Users\joshu\Desktop\TEMP COLLIINS\D.O.C\ai-services
plugins: anyio-4.11.0, asyncio-1.3.0
asyncio: mode=Mode.STRICT, debug=False, asyncio_default_fixture_loop_scope=None, asyncio_default_test_loop_scope=function
collecting ... collected 53 items / 2 errors

=================================== ERRORS ====================================
_____________________ ERROR collecting tests/test_ocr.py ______________________
ImportError while importing test module 'C:\Users\joshu\Desktop\TEMP COLLIINS\D.O.C\ai-services\tests\test_ocr.py'.
Hint: make sure your test modules/packages have valid Python names.
Traceback:
C:\Program Files\WindowsApps\PythonSoftwareFoundation.Python.3.13_3.13.2544.0_x64__qbz5n2kfra8p0\Lib\importlib\__init__.py:88: in import_module
    return _bootstrap._gcd_import(name[level:], package, level)
           ^^^^^^^^^^^^^^^^^^^^^^^^^^^^^^^^^^^^^^^^^^^^^^^^^^^^
tests\test_ocr.py:8: in <module>
    from ocr.drug_ocr import DrugOCR
ocr\__init__.py:6: in <module>
    from .drug_ocr import DrugOCR
ocr\drug_ocr.py:19: in <module>
    from ..utils.api_client import APIClient
E   ImportError: attempted relative import beyond top-level package
_________________ ERROR collecting tests/test_side_effects.py _________________

name = 'tests.test_side_effects', package = None

    def import_module(name, package=None):
        """Import a module.
    
        The 'package' argument is required when performing a relative import. It
        specifies the package to use as the anchor point from which to resolve the
        relative import to an absolute import.
    
        """
        level = 0
        if name.startswith('.'):
            if not package:
                raise TypeError("the 'package' argument is required to perform a "
                                f"relative import for {name!r}")
            for character in name:
                if character != '.':
                    break
                level += 1
>       return _bootstrap._gcd_import(name[level:], package, level)
               ^^^^^^^^^^^^^^^^^^^^^^^^^^^^^^^^^^^^^^^^^^^^^^^^^^^^

C:\Program Files\WindowsApps\PythonSoftwareFoundation.Python.3.13_3.13.2544.0_x64__qbz5n2kfra8p0\Lib\importlib\__init__.py:88: 
_ _ _ _ _ _ _ _ _ _ _ _ _ _ _ _ _ _ _ _ _ _ _ _ _ _ _ _ _ _ _ _ _ _ _ _ _ _ _ _

name = 'tests.test_side_effects', package = None, level = 0

>   ???

<frozen importlib._bootstrap>:1387: 
_ _ _ _ _ _ _ _ _ _ _ _ _ _ _ _ _ _ _ _ _ _ _ _ _ _ _ _ _ _ _ _ _ _ _ _ _ _ _ _

name = 'tests.test_side_effects'
import_ = <function _gcd_import at 0x000001CA9C1004A0>

>   ???

<frozen importlib._bootstrap>:1360: 
_ _ _ _ _ _ _ _ _ _ _ _ _ _ _ _ _ _ _ _ _ _ _ _ _ _ _ _ _ _ _ _ _ _ _ _ _ _ _ _

name = 'tests.test_side_effects'
import_ = <function _gcd_import at 0x000001CA9C1004A0>

>   ???

<frozen importlib._bootstrap>:1331: 
_ _ _ _ _ _ _ _ _ _ _ _ _ _ _ _ _ _ _ _ _ _ _ _ _ _ _ _ _ _ _ _ _ _ _ _ _ _ _ _

spec = ModuleSpec(name='tests.test_side_effects', loader=<_pytest.assertion.rewrite.AssertionRewritingHook object at 0x000001CA9D5B2900>, origin='C:\\Users\\joshu\\Desktop\\TEMP COLLIINS\\D.O.C\\ai-services\\tests\\test_side_effects.py')

>   ???

<frozen importlib._bootstrap>:935: 
_ _ _ _ _ _ _ _ _ _ _ _ _ _ _ _ _ _ _ _ _ _ _ _ _ _ _ _ _ _ _ _ _ _ _ _ _ _ _ _

self = <_pytest.assertion.rewrite.AssertionRewritingHook object at 0x000001CA9D5B2900>
module = <module 'tests.test_side_effects' from 'C:\\Users\\joshu\\Desktop\\TEMP COLLIINS\\D.O.C\\ai-services\\tests\\test_side_effects.py'>

    def exec_module(self, module: types.ModuleType) -> None:
        assert module.__spec__ is not None
        assert module.__spec__.origin is not None
        fn = Path(module.__spec__.origin)
        state = self.config.stash[assertstate_key]
    
        self._rewritten_names[module.__name__] = fn
    
        # The requested module looks like a test file, so rewrite it. This is
        # the most magical part of the process: load the source, rewrite the
        # asserts, and load the rewritten source. We also cache the rewritten
        # module code in a special pyc. We must be aware of the possibility of
        # concurrent pytest processes rewriting and loading pycs. To avoid
        # tricky race conditions, we maintain the following invariant: The
        # cached pyc is always a complete, valid pyc. Operations on it must be
        # atomic. POSIX's atomic rename comes in handy.
        write = not sys.dont_write_bytecode
        cache_dir = get_cache_dir(fn)
        if write:
            ok = try_makedirs(cache_dir)
            if not ok:
                write = False
                state.trace(f"read only directory: {cache_dir}")
    
        cache_name = fn.name[:-3] + PYC_TAIL
        pyc = cache_dir / cache_name
        # Notice that even if we're in a read-only directory, I'm going
        # to check for a cached pyc. This may not be optimal...
        co = _read_pyc(fn, pyc, state.trace)
        if co is None:
            state.trace(f"rewriting {fn!r}")
            source_stat, co = _rewrite_test(fn, self.config)
            if write:
                self._writing_pyc = True
                try:
                    _write_pyc(state, co, source_stat, pyc)
                finally:
                    self._writing_pyc = False
        else:
            state.trace(f"found cached rewritten pyc for {fn}")
>       exec(co, module.__dict__)

venv\Lib\site-packages\_pytest\assertion\rewrite.py:197: 
_ _ _ _ _ _ _ _ _ _ _ _ _ _ _ _ _ _ _ _ _ _ _ _ _ _ _ _ _ _ _ _ _ _ _ _ _ _ _ _

    """
    Tests for side effects services.
    """
    
    import pytest
    from side_effects.side_effect_extractor import SideEffectExtractor
    from side_effects.severity_classifier import SeverityClassifier
    from side_effects.interaction_checker import InteractionChecker
    
    
    class TestSideEffectExtractor:
        """Test cases for SideEffectExtractor service."""
    
        @pytest.fixture
        def side_effect_extractor(self):
            """Create SideEffectExtractor instance for testing."""
            return SideEffectExtractor()
    
        def test_extract_side_effects_known_drug(self, side_effect_extractor):
            """Test side effect extraction for known drug."""
            result = side_effect_extractor.extract_side_effects("ibuprofen", 35)
    
            assert result["drug_name"] == "ibuprofen"
            assert "common_side_effects" in result
            assert "rare_side_effects" in result
            assert "severity_distribution" in result
            assert "recommendations" in result
    
        def test_extract_side_effects_with_age(self, side_effect_extractor):
            """Test side effect extraction with age considerations."""
            result = side_effect_extractor.extract_side_effects("ibuprofen", 75)
    
            assert result["drug_name"] == "ibuprofen"
            assert "age_related_effects" in result
            assert len(result["age_related_effects"]) > 0
    
        def test_extract_side_effects_with_conditions(self, side_effect_extractor):
            """Test side effect extraction with patient conditions."""
            result = side_effect_extractor.extract_side_effects("ibuprofen", 50, ["heart failure"])
    
            assert result["drug_name"] == "ibuprofen"
            assert "condition_related_effects" in result
            assert len(result["condition_related_effects"]) > 0
    
        def test_predict_side_effect_risk(self, side_effect_extractor):
            """Test side effect risk prediction."""
            patient_profile = {
                "age": 75,
                "weight_kg": 65,
                "conditions": ["heart failure"],
                "gender": "female"
            }
    
            result = side_effect_extractor.predict_side_effect_risk("ibuprofen", patient_profile)
    
            assert result["drug_name"] == "ibuprofen"
            assert "predicted_risk" in result
            assert "risk_score" in result
            assert "risk_factors" in result
    
        def test_analyze_side_effect_text(self, side_effect_extractor):
            """Test side effect text analysis."""
            text = "Patient experienced nausea, vomiting, and severe headache after taking the medication."
    
            result = side_effect_extractor.analyze_side_effect_text(text)
    
            assert "found_side_effects" in result
            assert "severity_assessment" in result
            assert result["total_mentions"] > 0
    
    
    class TestSeverityClassifier:
        """Test cases for SeverityClassifier service."""
    
        @pytest.fixture
        def severity_classifier(self):
            """Create SeverityClassifier instance for testing."""
            return SeverityClassifier()
    
        def test_classify_severity_mild(self, severity_classifier):
            """Test severity classification for mild side effect."""
            result = severity_classifier.classify_severity("headache")
    
            assert result["side_effect"] == "headache"
            assert result["severity_level"] == "mild"
            assert result["severity_score"] <= 2
            assert "requires_attention" in result
    
        def test_classify_severity_severe(self, severity_classifier):
            """Test severity classification for severe side effect."""
            result = severity_classifier.classify_severity("anaphylaxis")
    
            assert result["side_effect"] == "anaphylaxis"
            assert result["severity_level"] == "life_threatening"
            assert result["severity_score"] >= 4
            assert result["requires_attention"] is True
    
        def test_classify_severity_with_context(self, severity_classifier):
            """Test severity classification with patient context."""
            context = {"age": 75, "conditions": ["diabetes"]}
            result = severity_classifier.classify_severity("hypoglycemia", context)
    
            assert result["side_effect"] == "hypoglycemia"
            assert result["severity_level"] == "severe"
    
        def test_batch_classify_severity(self, severity_classifier):
            """Test batch severity classification."""
            side_effects = ["nausea", "anaphylaxis", "headache"]
            results = severity_classifier.batch_classify_severity(side_effects)
    
            assert len(results) == 3
            assert results[0]["side_effect"] == "nausea"
            assert results[1]["side_effect"] == "anaphylaxis"
    
    
>   class TestInteractionChecker:

tests\test_side_effects.py:116: 
_ _ _ _ _ _ _ _ _ _ _ _ _ _ _ _ _ _ _ _ _ _ _ _ _ _ _ _ _ _ _ _ _ _ _ _ _ _ _ _

    class TestInteractionChecker:
        """Test cases for InteractionChecker service."""
    
        @pytest.fixture
        def interaction_checker(self):
            """Create InteractionChecker instance for testing."""
            return InteractionChecker()
    
        def test_check_drug_interactions_no_interactions(self, interaction_checker):
            """Test drug interaction check with no interactions."""
            result = interaction_checker.check_drug_interactions(["amoxicillin", "acetaminophen"])
    
            assert result["total_interactions"] == 0
            assert result["requires_attention"] is False
            assert len(result["drug_drug_interactions"]) == 0
    
        def test_check_drug_interactions_with_interactions(self, interaction_checker):
            """Test drug interaction check with known interactions."""
            result = interaction_checker.check_drug_interactions(["warfarin", "aspirin"])
    
            assert result["total_interactions"] > 0
            assert result["requires_attention"] is True
            assert len(result["drug_drug_interactions"]) > 0
            assert "recommendations" in result
    
        def test_check_drug_disease_interactions(self, interaction_checker):
            """Test drug-disease interaction check."""
            result = interaction_checker.check_drug_interactions(["ibuprofen"], ["heart failure"])
    
            assert result["total_interactions"] > 0
            assert len(result["drug_disease_interactions"]) > 0
    
        def test_get_interaction_details(self, interaction_checker):
            """Test detailed interaction information retrieval."""
            result = interaction_checker.get_interaction_details("warfarin", "aspirin")
    
            assert result["drug1"] in ["warfarin", "aspirin"]
            assert result["drug2"] in ["warfarin", "aspirin"]
            assert "severity" in result
            assert "effect" in result
    
        def test_check_contraindications(self, interaction_checker):
            """Test contraindication checking."""
            patient_profile = {
                "allergies": ["penicillin"],
                "conditions": ["asthma"]
            }
    
            result = interaction_checker.check_contraindications("amoxicillin", patient_profile)
    
            assert result["drug"] == "amoxicillin"
            assert result["safe_to_use"] is False
            assert len(result["contraindications"]) > 0
    
        def test_get_alternative_medications(self, interaction_checker):
            """Test alternative medication suggestions."""
            alternatives = interaction_checker.get_alternative_medications("warfarin", "aspirin")
    
            assert isinstance(alternatives, list)
            assert len(alternatives) > 0
            assert "alternative" in alternatives[0]
            assert "reason" in alternatives[0]
    
>       def check_contraindications(self, drug: str, patient_profile: Dict) -> Dict:
                                                                      ^^^^
E       NameError: name 'Dict' is not defined

tests\test_side_effects.py:179: NameError
=========================== short test summary info ===========================
ERROR tests/test_ocr.py
ERROR tests/test_side_effects.py - NameError: name 'Dict' is not defined
!!!!!!!!!!!!!!!!!!! Interrupted: 2 errors during collection !!!!!!!!!!!!!!!!!!!
============================= 2 errors in 33.78s ==============================
